[0m22:51:39.788792 [debug] [MainThread]: Sending event: {'category': 'dbt', 'action': 'invocation', 'label': 'start', 'context': [<snowplow_tracker.self_describing_json.SelfDescribingJson object at 0x7efec8f06370>, <snowplow_tracker.self_describing_json.SelfDescribingJson object at 0x7efec6c946d0>, <snowplow_tracker.self_describing_json.SelfDescribingJson object at 0x7efec6c946a0>]}


============================== 22:51:39.793530 | c2292ccf-d17c-4376-9a29-7f6457e25823 ==============================
[0m22:51:39.793530 [info ] [MainThread]: Running with dbt=1.7.11
[0m22:51:39.794154 [debug] [MainThread]: running dbt with arguments {'printer_width': '80', 'indirect_selection': 'eager', 'write_json': 'True', 'log_cache_events': 'False', 'partial_parse': 'True', 'cache_selected_only': 'False', 'profiles_dir': '/home/yc-user/.dbt', 'version_check': 'True', 'fail_fast': 'False', 'log_path': 'logs', 'debug': 'False', 'warn_error': 'None', 'use_colors': 'True', 'use_experimental_parser': 'False', 'no_print': 'None', 'quiet': 'False', 'warn_error_options': 'WarnErrorOptions(include=[], exclude=[])', 'introspect': 'True', 'invocation_command': 'dbt init', 'static_parser': 'True', 'target_path': 'None', 'log_format': 'default', 'send_anonymous_usage_stats': 'True'}
[0m22:52:19.860223 [debug] [MainThread]: Starter project path: /home/yc-user/venv/lib/python3.8/site-packages/dbt/include/starter_project
[0m22:52:19.862984 [info ] [MainThread]: 
Your new dbt project "otus" was created!

For more information on how to configure the profiles.yml file,
please consult the dbt documentation here:

  https://docs.getdbt.com/docs/configure-your-profile

One more thing:

Need help? Don't hesitate to reach out to us via GitHub issues or on Slack:

  https://community.getdbt.com/

Happy modeling!

[0m22:52:19.863536 [info ] [MainThread]: Setting up your profile.
[0m22:53:22.425907 [info ] [MainThread]: Profile otus written to /home/yc-user/.dbt/profiles.yml using target's profile_template.yml and your supplied values. Run 'dbt debug' to validate the connection.
[0m22:53:22.430025 [debug] [MainThread]: Resource report: {"command_name": "init", "command_success": true, "command_wall_clock_time": 102.73685, "process_user_time": 2.443216, "process_kernel_time": 0.128214, "process_mem_max_rss": "94244", "process_in_blocks": "616", "process_out_blocks": "88"}
[0m22:53:22.430885 [debug] [MainThread]: Command `dbt init` succeeded at 22:53:22.430692 after 102.74 seconds
[0m22:53:22.431390 [debug] [MainThread]: Sending event: {'category': 'dbt', 'action': 'invocation', 'label': 'end', 'context': [<snowplow_tracker.self_describing_json.SelfDescribingJson object at 0x7efec8f06370>, <snowplow_tracker.self_describing_json.SelfDescribingJson object at 0x7efec54730d0>, <snowplow_tracker.self_describing_json.SelfDescribingJson object at 0x7efec543ec70>]}
[0m22:53:22.431916 [debug] [MainThread]: Flushing usage events
